<?xml version="1.0" encoding="UTF-8"?>
<!-- Generated by org.testng.reporters.JUnitXMLReporter -->
<testsuite ignored="0" hostname="Jharana" failures="0" tests="3" name="Surefire test" time="0.044" errors="0" timestamp="2026-01-02T15:22:40 IST">
  <testcase classname="githubPractice.GithubPracticeTest" name="githubPracticeTest" time="0.005"/>
  <testcase classname="jenkinsPractice.JenkinsPracticeTest" name="jenkinsPracticeTest" time="0.001"/>
  <testcase classname="mavenPractice.MavenPracticeTest" name="mavenPracticeTest" time="0.001"/>
</testsuite> <!-- Surefire test -->
