<?xml version="1.0" encoding="UTF-8"?>
<!-- Generated by org.testng.reporters.JUnitXMLReporter -->
<testsuite ignored="0" hostname="Jharana" failures="0" tests="3" name="Test" time="0.046" errors="0" timestamp="2025-12-31T18:20:22 IST">
  <testcase classname="mavenPractice.MavenPracticeTest" name="mavenPracticeTest" time="0.005"/>
  <testcase classname="githubPractice.GithubPracticeTest" name="githubPractice" time="0.0"/>
  <testcase classname="jenkinsPractice.JenkinsPracticeTest" name="jenkinsPracticeTest" time="0.0"/>
</testsuite> <!-- Test -->
