<?xml version="1.0" encoding="UTF-8"?>
<testng-results ignored="0" total="3" passed="3" failed="0" skipped="0">
  <reporter-output>
  </reporter-output>
  <suite started-at="2026-01-02T15:22:40 IST" name="Surefire suite" finished-at="2026-01-02T15:22:40 IST" duration-ms="44">
    <groups>
    </groups>
    <test started-at="2026-01-02T15:22:40 IST" name="Surefire test" finished-at="2026-01-02T15:22:40 IST" duration-ms="44">
      <class name="jenkinsPractice.JenkinsPracticeTest">
        <test-method signature="jenkinsPracticeTest()[pri:0, instance:jenkinsPractice.JenkinsPracticeTest@5e316c74]" started-at="2026-01-02T15:22:40 IST" name="jenkinsPracticeTest" finished-at="2026-01-02T15:22:40 IST" duration-ms="1" status="PASS">
          <reporter-output>
          </reporter-output>
        </test-method> <!-- jenkinsPracticeTest -->
      </class> <!-- jenkinsPractice.JenkinsPracticeTest -->
      <class name="mavenPractice.MavenPracticeTest">
        <test-method signature="mavenPracticeTest()[pri:0, instance:mavenPractice.MavenPracticeTest@6d2a209c]" started-at="2026-01-02T15:22:40 IST" name="mavenPracticeTest" finished-at="2026-01-02T15:22:40 IST" duration-ms="1" status="PASS">
          <reporter-output>
          </reporter-output>
        </test-method> <!-- mavenPracticeTest -->
      </class> <!-- mavenPractice.MavenPracticeTest -->
      <class name="githubPractice.GithubPracticeTest">
        <test-method signature="githubPracticeTest()[pri:0, instance:githubPractice.GithubPracticeTest@1ffe63b9]" started-at="2026-01-02T15:22:40 IST" name="githubPracticeTest" finished-at="2026-01-02T15:22:40 IST" duration-ms="5" status="PASS">
          <reporter-output>
          </reporter-output>
        </test-method> <!-- githubPracticeTest -->
      </class> <!-- githubPractice.GithubPracticeTest -->
    </test> <!-- Surefire test -->
  </suite> <!-- Surefire suite -->
</testng-results>
