<?xml version="1.0" encoding="UTF-8"?>
<testng-results ignored="0" total="1" passed="1" failed="0" skipped="0">
  <reporter-output>
  </reporter-output>
  <suite started-at="2026-01-02T15:21:21 IST" name="Default suite" finished-at="2026-01-02T15:21:21 IST" duration-ms="72">
    <groups>
    </groups>
    <test started-at="2026-01-02T15:21:21 IST" name="Default test" finished-at="2026-01-02T15:21:21 IST" duration-ms="72">
      <class name="githubPractice.GithubPracticeTest">
        <test-method signature="githubPracticeTest()[pri:0, instance:githubPractice.GithubPracticeTest@5656be13]" started-at="2026-01-02T15:21:21 IST" name="githubPracticeTest" finished-at="2026-01-02T15:21:21 IST" duration-ms="10" status="PASS">
          <reporter-output>
          </reporter-output>
        </test-method> <!-- githubPracticeTest -->
      </class> <!-- githubPractice.GithubPracticeTest -->
    </test> <!-- Default test -->
  </suite> <!-- Default suite -->
</testng-results>
